{
  "RSpec": {
    "coverage": {
      "/Users/matthewhadley/Desktop/DPL/week5/assignments/school_app/config/environment.rb": [
        null,
        1,
        null,
        null,
        1
      ],
      "/Users/matthewhadley/Desktop/DPL/week5/assignments/school_app/config/application.rb": [
        1,
        null,
        1,
        null,
        1,
        1,
        1,
        1,
        1,
        1,
        1,
        null,
        null,
        null,
        null,
        1,
        null,
        1,
        1,
        null,
        null,
        null,
        null,
        null,
        null,
        null,
        null,
        null,
        null,
        null,
        null,
        null,
        1,
        null,
        null
      ],
      "/Users/matthewhadley/Desktop/DPL/week5/assignments/school_app/config/boot.rb": [
        1,
        null,
        1
      ],
      "/Users/matthewhadley/Desktop/DPL/week5/assignments/school_app/config/environments/test.rb": [
        1,
        null,
        null,
        null,
        null,
        null,
        null,
        1,
        null,
        null,
        null,
        null,
        1,
        null,
        null,
        1,
        1,
        null,
        null,
        1,
        1,
        null,
        null,
        1,
        null,
        null,
        1,
        null,
        null,
        null,
        null,
        1,
        null,
        null,
        1,
        null,
        null,
        1,
        null,
        null,
        null,
        null
      ],
      "/Users/matthewhadley/Desktop/DPL/week5/assignments/school_app/config/initializers/assets.rb": [
        null,
        null,
        null,
        1,
        null,
        null,
        null,
        null,
        null,
        null,
        null
      ],
      "/Users/matthewhadley/Desktop/DPL/week5/assignments/school_app/config/initializers/backtrace_silencers.rb": [
        null,
        null,
        null,
        null,
        null,
        null,
        null
      ],
      "/Users/matthewhadley/Desktop/DPL/week5/assignments/school_app/config/initializers/cookies_serializer.rb": [
        null,
        null,
        1
      ],
      "/Users/matthewhadley/Desktop/DPL/week5/assignments/school_app/config/initializers/filter_parameter_logging.rb": [
        null,
        null,
        null,
        1
      ],
      "/Users/matthewhadley/Desktop/DPL/week5/assignments/school_app/config/initializers/inflections.rb": [
        null,
        null,
        null,
        null,
        null,
        null,
        null,
        null,
        null,
        null,
        null,
        null,
        null,
        null,
        null,
        null
      ],
      "/Users/matthewhadley/Desktop/DPL/week5/assignments/school_app/config/initializers/mime_types.rb": [
        null,
        null,
        null,
        null
      ],
      "/Users/matthewhadley/Desktop/DPL/week5/assignments/school_app/config/initializers/session_store.rb": [
        null,
        null,
        1
      ],
      "/Users/matthewhadley/Desktop/DPL/week5/assignments/school_app/config/initializers/wrap_parameters.rb": [
        null,
        null,
        null,
        null,
        null,
        null,
        1,
        1,
        null,
        null,
        null,
        null,
        null,
        null
      ],
      "/Users/matthewhadley/Desktop/DPL/week5/assignments/school_app/config/routes.rb": [
        1,
        null,
        1,
        null,
        1,
        1,
        null,
        null,
        null,
        null,
        null,
        null,
        null,
        null,
        null,
        null,
        null,
        null,
        null,
        null,
        null,
        null,
        null,
        null,
        null,
        null,
        null,
        null,
        null,
        null,
        null,
        null,
        null,
        null,
        null,
        null,
        null,
        null,
        null,
        null,
        null,
        null,
        null,
        null,
        null,
        null,
        null,
        null,
        null,
        null,
        null,
        null,
        null,
        null,
        null,
        null,
        null,
        null,
        null,
        null,
        null,
        null,
        null
      ],
      "/Users/matthewhadley/Desktop/DPL/week5/assignments/school_app/app/helpers/application_helper.rb": [
        1,
        null
      ],
      "/Users/matthewhadley/Desktop/DPL/week5/assignments/school_app/app/helpers/classroom_helper.rb": [
        1,
        null
      ],
      "/Users/matthewhadley/Desktop/DPL/week5/assignments/school_app/app/helpers/schools_helper.rb": [
        1,
        null
      ],
      "/Users/matthewhadley/Desktop/DPL/week5/assignments/school_app/app/controllers/classroom_controller.rb": [
        1,
        1,
        0,
        null,
        null,
        1,
        null,
        null,
        1,
        null,
        null,
        1,
        null,
        null
      ],
      "/Users/matthewhadley/Desktop/DPL/week5/assignments/school_app/app/controllers/application_controller.rb": [
        1,
        null,
        null,
        1,
        null
      ],
      "/Users/matthewhadley/Desktop/DPL/week5/assignments/school_app/app/models/school.rb": [
        1,
        1,
        1,
        null,
        1,
        0,
        null,
        null,
        1,
        0,
        0,
        null,
        0,
        null,
        null,
        null
      ]
    },
    "timestamp": 1465486309
  }
}
