{
  "RSpec": {
    "coverage": {
      "/Users/matthewhadley/workspace/DPL/week5/assignments/school_app/config/environment.rb": [
        null,
        1,
        null,
        null,
        1
      ],
      "/Users/matthewhadley/workspace/DPL/week5/assignments/school_app/config/application.rb": [
        1,
        null,
        1,
        null,
        1,
        1,
        1,
        1,
        1,
        1,
        1,
        null,
        null,
        null,
        null,
        1,
        null,
        1,
        1,
        null,
        null,
        null,
        null,
        null,
        null,
        null,
        null,
        null,
        null,
        null,
        null,
        null,
        1,
        null,
        null
      ],
      "/Users/matthewhadley/workspace/DPL/week5/assignments/school_app/config/boot.rb": [
        1,
        null,
        1
      ],
      "/Users/matthewhadley/workspace/DPL/week5/assignments/school_app/config/environments/test.rb": [
        1,
        null,
        null,
        null,
        null,
        null,
        null,
        1,
        null,
        null,
        null,
        null,
        1,
        null,
        null,
        1,
        1,
        null,
        null,
        1,
        1,
        null,
        null,
        1,
        null,
        null,
        1,
        null,
        null,
        null,
        null,
        1,
        null,
        null,
        1,
        null,
        null,
        1,
        null,
        null,
        null,
        null
      ],
      "/Users/matthewhadley/workspace/DPL/week5/assignments/school_app/config/initializers/assets.rb": [
        null,
        null,
        null,
        1,
        null,
        null,
        null,
        null,
        null,
        null,
        null
      ],
      "/Users/matthewhadley/workspace/DPL/week5/assignments/school_app/config/initializers/backtrace_silencers.rb": [
        null,
        null,
        null,
        null,
        null,
        null,
        null
      ],
      "/Users/matthewhadley/workspace/DPL/week5/assignments/school_app/config/initializers/cookies_serializer.rb": [
        null,
        null,
        1
      ],
      "/Users/matthewhadley/workspace/DPL/week5/assignments/school_app/config/initializers/filter_parameter_logging.rb": [
        null,
        null,
        null,
        1
      ],
      "/Users/matthewhadley/workspace/DPL/week5/assignments/school_app/config/initializers/inflections.rb": [
        null,
        null,
        null,
        null,
        null,
        null,
        null,
        null,
        null,
        null,
        null,
        null,
        null,
        null,
        null,
        null
      ],
      "/Users/matthewhadley/workspace/DPL/week5/assignments/school_app/config/initializers/mime_types.rb": [
        null,
        null,
        null,
        null
      ],
      "/Users/matthewhadley/workspace/DPL/week5/assignments/school_app/config/initializers/session_store.rb": [
        null,
        null,
        1
      ],
      "/Users/matthewhadley/workspace/DPL/week5/assignments/school_app/config/initializers/wrap_parameters.rb": [
        null,
        null,
        null,
        null,
        null,
        null,
        1,
        1,
        null,
        null,
        null,
        null,
        null,
        null
      ],
      "/Users/matthewhadley/workspace/DPL/week5/assignments/school_app/spec/factories/classroom.rb": [
        1,
        1,
        1,
        27,
        null,
        1,
        1,
        1,
        null,
        null
      ],
      "/Users/matthewhadley/workspace/DPL/week5/assignments/school_app/spec/factories/school.rb": [
        1,
        1,
        1,
        72,
        null,
        1,
        1,
        1,
        1,
        1,
        1,
        null,
        null,
        null
      ],
      "/Users/matthewhadley/workspace/DPL/week5/assignments/school_app/app/models/school.rb": [
        1,
        1,
        1,
        null,
        1,
        1,
        null,
        null,
        1,
        2,
        1,
        null,
        1,
        null,
        null,
        null
      ],
      "/Users/matthewhadley/workspace/DPL/week5/assignments/school_app/config/routes.rb": [
        1,
        null,
        1,
        null,
        1,
        1,
        null,
        null,
        null,
        null,
        null,
        null,
        null,
        null,
        null,
        null,
        null,
        null,
        null,
        null,
        null,
        null,
        null,
        null,
        null,
        null,
        null,
        null,
        null,
        null,
        null,
        null,
        null,
        null,
        null,
        null,
        null,
        null,
        null,
        null,
        null,
        null,
        null,
        null,
        null,
        null,
        null,
        null,
        null,
        null,
        null,
        null,
        null,
        null,
        null,
        null,
        null,
        null,
        null,
        null,
        null,
        null,
        null
      ],
      "/Users/matthewhadley/workspace/DPL/week5/assignments/school_app/app/helpers/application_helper.rb": [
        1,
        null
      ],
      "/Users/matthewhadley/workspace/DPL/week5/assignments/school_app/app/helpers/classroom_helper.rb": [
        1,
        null
      ],
      "/Users/matthewhadley/workspace/DPL/week5/assignments/school_app/app/helpers/schools_helper.rb": [
        1,
        null
      ],
      "/Users/matthewhadley/workspace/DPL/week5/assignments/school_app/app/controllers/classrooms_controller.rb": [
        1,
        1,
        1,
        null,
        1,
        4,
        null,
        null,
        1,
        null,
        null,
        1,
        5,
        null,
        null,
        1,
        6,
        6,
        5,
        5,
        null,
        1,
        null,
        null,
        null,
        1,
        null,
        null,
        1,
        5,
        4,
        null,
        1,
        null,
        null,
        null,
        1,
        4,
        4,
        null,
        null,
        1,
        null,
        1,
        11,
        null,
        null,
        1,
        34,
        null,
        null,
        1,
        19,
        null,
        null
      ],
      "/Users/matthewhadley/workspace/DPL/week5/assignments/school_app/app/controllers/application_controller.rb": [
        1,
        null,
        null,
        1,
        null
      ],
      "/Users/matthewhadley/workspace/DPL/week5/assignments/school_app/spec/controllers/schools_controller_spec.rb": [
        1,
        null,
        1,
        16,
        null,
        1,
        1,
        1,
        1,
        null,
        null,
        1,
        1,
        1,
        null,
        null,
        1,
        1,
        1,
        1,
        1,
        null,
        null,
        1,
        1,
        1,
        null,
        null,
        null,
        1,
        1,
        1,
        1,
        null,
        null,
        1,
        1,
        1,
        null,
        null,
        1,
        1,
        1,
        null,
        null,
        null,
        1,
        1,
        1,
        1,
        null,
        null,
        1,
        1,
        1,
        null,
        null,
        1,
        1,
        1,
        null,
        null,
        null,
        1,
        1,
        1,
        1,
        null,
        null,
        1,
        1,
        1,
        null,
        null,
        null,
        1,
        1,
        6,
        6,
        null,
        null,
        1,
        1,
        1,
        null,
        null,
        1,
        1,
        1,
        1,
        1,
        null,
        null,
        1,
        1,
        1,
        null,
        null,
        1,
        1,
        1,
        null,
        null,
        1,
        1,
        1,
        null,
        null,
        1,
        1,
        1,
        null,
        null,
        null,
        1,
        1,
        6,
        6,
        null,
        null,
        1,
        1,
        1,
        null,
        null,
        1,
        1,
        1,
        null,
        null,
        1,
        1,
        1,
        null,
        null,
        1,
        1,
        1,
        null,
        null,
        1,
        1,
        1,
        null,
        null,
        1,
        1,
        1,
        null,
        null,
        null,
        1,
        1,
        1,
        1,
        null,
        null,
        1,
        1,
        1,
        1,
        1,
        null,
        null,
        1,
        1,
        1,
        null,
        null,
        1,
        1,
        1,
        null,
        null,
        null,
        null
      ],
      "/Users/matthewhadley/workspace/DPL/week5/assignments/school_app/app/controllers/schools_controller.rb": [
        1,
        1,
        1,
        8,
        null,
        null,
        1,
        null,
        null,
        1,
        4,
        null,
        null,
        1,
        7,
        7,
        5,
        5,
        null,
        2,
        2,
        null,
        null,
        null,
        1,
        null,
        null,
        1,
        6,
        4,
        4,
        null,
        2,
        2,
        null,
        null,
        null,
        1,
        4,
        4,
        4,
        null,
        null,
        1,
        null,
        1,
        22,
        null,
        null,
        1,
        13,
        null,
        null
      ],
      "/Users/matthewhadley/workspace/DPL/week5/assignments/school_app/spec/features/classroom_spec.rb": [
        1,
        null,
        1,
        3,
        1,
        2,
        2,
        null,
        null,
        1,
        1,
        1,
        1,
        null,
        null,
        1,
        1,
        1,
        null,
        null
      ],
      "/Users/matthewhadley/workspace/DPL/week5/assignments/school_app/spec/features/school_spec.rb": [
        1,
        null,
        1,
        null,
        1,
        4,
        1,
        3,
        null,
        null,
        1,
        1,
        null,
        null,
        1,
        1,
        1,
        1,
        null,
        null,
        1,
        1,
        1,
        1,
        1,
        1,
        1,
        1,
        1,
        null,
        null,
        null,
        1,
        3,
        3,
        3,
        1,
        2,
        2,
        2,
        null,
        null,
        1,
        1,
        1,
        null,
        null,
        1,
        1,
        1,
        null,
        null,
        null,
        null
      ],
      "/Users/matthewhadley/workspace/DPL/week5/assignments/school_app/spec/features/schools_spec.rb": [
        1,
        null,
        1,
        null,
        1,
        1,
        1,
        1,
        null,
        null,
        1,
        1,
        1,
        null,
        null,
        1,
        1,
        1,
        1,
        1,
        1,
        1,
        1,
        1,
        1,
        null,
        null,
        null,
        1,
        null,
        1,
        1,
        1,
        1,
        null,
        null,
        null
      ],
      "/Users/matthewhadley/workspace/DPL/week5/assignments/school_app/spec/helpers/classrooms_helper_spec.rb": [
        1,
        null,
        null,
        null,
        null,
        null,
        null,
        null,
        null,
        null,
        null,
        null,
        1,
        1,
        null
      ],
      "/Users/matthewhadley/workspace/DPL/week5/assignments/school_app/spec/helpers/schools_helper_spec.rb": [
        1,
        null,
        null,
        null,
        null,
        null,
        null,
        null,
        null,
        null,
        null,
        null,
        1,
        1,
        null
      ],
      "/Users/matthewhadley/workspace/DPL/week5/assignments/school_app/spec/models/classroom_spec.rb": [
        1,
        null,
        1,
        5,
        1,
        4,
        null,
        null,
        1,
        2,
        null,
        null,
        1,
        2,
        2,
        null,
        null,
        1,
        1,
        1,
        null,
        null,
        null
      ],
      "/Users/matthewhadley/workspace/DPL/week5/assignments/school_app/app/models/classroom.rb": [
        1,
        1,
        1,
        null,
        1,
        1,
        null,
        null
      ],
      "/Users/matthewhadley/workspace/DPL/week5/assignments/school_app/spec/models/school_spec.rb": [
        1,
        null,
        1,
        3,
        2,
        null,
        1,
        2,
        null,
        null,
        1,
        2,
        2,
        2,
        null,
        null,
        1,
        1,
        1,
        null,
        null,
        null,
        1,
        1,
        1,
        null,
        1,
        1,
        null,
        null,
        null
      ],
      "/Users/matthewhadley/workspace/DPL/week5/assignments/school_app/spec/views/classroom/edit.html.erb_spec.rb": [
        1,
        null,
        1,
        1,
        null
      ],
      "/Users/matthewhadley/workspace/DPL/week5/assignments/school_app/spec/views/classroom/index.html.erb_spec.rb": [
        1,
        null,
        1,
        1,
        null
      ],
      "/Users/matthewhadley/workspace/DPL/week5/assignments/school_app/spec/views/classroom/new.html.erb_spec.rb": [
        1,
        null,
        1,
        1,
        null
      ],
      "/Users/matthewhadley/workspace/DPL/week5/assignments/school_app/spec/views/classroom/show.html.erb_spec.rb": [
        1,
        null,
        1,
        1,
        null
      ],
      "/Users/matthewhadley/workspace/DPL/week5/assignments/school_app/spec/views/schools/edit.html.erb_spec.rb": [
        1,
        null,
        1,
        1,
        null
      ],
      "/Users/matthewhadley/workspace/DPL/week5/assignments/school_app/spec/views/schools/index.html.erb_spec.rb": [
        1,
        null,
        1,
        1,
        null
      ],
      "/Users/matthewhadley/workspace/DPL/week5/assignments/school_app/spec/views/schools/new.html.erb_spec.rb": [
        1,
        null,
        1,
        1,
        null
      ],
      "/Users/matthewhadley/workspace/DPL/week5/assignments/school_app/spec/views/schools/show.html.erb_spec.rb": [
        1,
        null,
        1,
        1,
        null
      ]
    },
    "timestamp": 1465775251
  }
}
